# JRE version: Java(TM) SE Runtime Environment (8.0_172-b11) (build 1.8.0_172-b11)
# Java VM: Java HotSpot(TM) 64-Bit Server VM (25.172-b11 mixed mode bsd-amd64 compressed oops)
Heap:
 PSYoungGen      total 263680K, used 27787K [0x0000000795580000, 0x00000007b9980000, 0x00000007c0000000)
  eden space 246272K, 4% used [0x0000000795580000,0x0000000795fc7f30,0x00000007a4600000)
  from space 17408K, 99% used [0x00000007b7c80000,0x00000007b8d5b050,0x00000007b8d80000)
  to   space 12288K, 0% used [0x00000007b8d80000,0x00000007b8d80000,0x00000007b9980000)
 ParOldGen       total 51200K, used 10510K [0x0000000740000000, 0x0000000743200000, 0x0000000795580000)
  object space 51200K, 20% used [0x0000000740000000,0x0000000740a438d8,0x0000000743200000)
 Metaspace       used 16247K, capacity 16916K, committed 17152K, reserved 1064960K
  class space    used 2094K, capacity 2298K, committed 2304K, reserved 1048576K
GC Heap History (10 events):
Event: 40.224 GC heap before
{Heap before GC invocations=20 (full 0):
 PSYoungGen      total 303616K, used 301261K [0x0000000795580000, 0x00000007bba00000, 0x00000007c0000000)
  eden space 294400K, 99% used [0x0000000795580000,0x00000007a72c1768,0x00000007a7500000)
  from space 9216K, 99% used [0x00000007b9a00000,0x00000007ba2f2030,0x00000007ba300000)
  to   space 18432K, 0% used [0x00000007ba800000,0x00000007ba800000,0x00000007bba00000)
 ParOldGen       total 87552K, used 71799K [0x0000000740000000, 0x0000000745580000, 0x0000000795580000)
  object space 87552K, 82% used [0x0000000740000000,0x000000074461dce8,0x0000000745580000)
 Metaspace       used 16126K, capacity 16848K, committed 16896K, reserved 1064960K
  class space    used 2094K, capacity 2298K, committed 2304K, reserved 1048576K
Event: 40.232 GC heap after
Heap after GC invocations=20 (full 0):
 PSYoungGen      total 293888K, used 11828K [0x0000000795580000, 0x00000007bb400000, 0x00000007c0000000)
  eden space 281600K, 0% used [0x0000000795580000,0x0000000795580000,0x00000007a6880000)
  from space 12288K, 96% used [0x00000007ba800000,0x00000007bb38d040,0x00000007bb400000)
  to   space 18432K, 0% used [0x00000007b9000000,0x00000007b9000000,0x00000007ba200000)
 ParOldGen       total 87552K, used 75415K [0x0000000740000000, 0x0000000745580000, 0x0000000795580000)
  object space 87552K, 86% used [0x0000000740000000,0x00000007449a5cf8,0x0000000745580000)
 Metaspace       used 16126K, capacity 16848K, committed 16896K, reserved 1064960K
  class space    used 2094K, capacity 2298K, committed 2304K, reserved 1048576K
}
Event: 42.053 GC heap before
{Heap before GC invocations=21 (full 0):
 PSYoungGen      total 293888K, used 291076K [0x0000000795580000, 0x00000007bb400000, 0x00000007c0000000)
  eden space 281600K, 99% used [0x0000000795580000,0x00000007a6634280,0x00000007a6880000)
  from space 12288K, 96% used [0x00000007ba800000,0x00000007bb38d040,0x00000007bb400000)
  to   space 18432K, 0% used [0x00000007b9000000,0x00000007b9000000,0x00000007ba200000)
 ParOldGen       total 87552K, used 75415K [0x0000000740000000, 0x0000000745580000, 0x0000000795580000)
  object space 87552K, 86% used [0x0000000740000000,0x00000007449a5cf8,0x0000000745580000)
 Metaspace       used 16191K, capacity 16848K, committed 16896K, reserved 1064960K
  class space    used 2094K, capacity 2298K, committed 2304K, reserved 1048576K
Event: 42.060 GC heap after
Heap after GC invocations=21 (full 0):
 PSYoungGen      total 278528K, used 9160K [0x0000000795580000, 0x00000007ba880000, 0x00000007c0000000)
  eden space 269312K, 0% used [0x0000000795580000,0x0000000795580000,0x00000007a5c80000)
  from space 9216K, 99% used [0x00000007b9000000,0x00000007b98f2030,0x00000007b9900000)
  to   space 15872K, 0% used [0x00000007b9900000,0x00000007b9900000,0x00000007ba880000)
 ParOldGen       total 87552K, used 79039K [0x0000000740000000, 0x0000000745580000, 0x0000000795580000)
  object space 87552K, 90% used [0x0000000740000000,0x0000000744d2fd08,0x0000000745580000)
 Metaspace       used 16191K, capacity 16848K, committed 16896K, reserved 1064960K
  class space    used 2094K, capacity 2298K, committed 2304K, reserved 1048576K
}
Event: 48.856 GC heap before
{Heap before GC invocations=22 (full 0):
 PSYoungGen      total 278528K, used 277096K [0x0000000795580000, 0x00000007ba880000, 0x00000007c0000000)
  eden space 269312K, 99% used [0x0000000795580000,0x00000007a5b27ff8,0x00000007a5c80000)
  from space 9216K, 99% used [0x00000007b9000000,0x00000007b98f2030,0x00000007b9900000)
  to   space 15872K, 0% used [0x00000007b9900000,0x00000007b9900000,0x00000007ba880000)
 ParOldGen       total 87552K, used 79039K [0x0000000740000000, 0x0000000745580000, 0x0000000795580000)
  object space 87552K, 90% used [0x0000000740000000,0x0000000744d2fd08,0x0000000745580000)
 Metaspace       used 16217K, capacity 16852K, committed 16896K, reserved 1064960K
  class space    used 2094K, capacity 2298K, committed 2304K, reserved 1048576K
Event: 48.866 GC heap after
Heap after GC invocations=22 (full 0):
 PSYoungGen      total 264192K, used 6428K [0x0000000795580000, 0x00000007b9f80000, 0x00000007c0000000)
  eden space 257536K, 0% used [0x0000000795580000,0x0000000795580000,0x00000007a5100000)
  from space 6656K, 96% used [0x00000007b9900000,0x00000007b9f47020,0x00000007b9f80000)
  to   space 17920K, 0% used [0x00000007b7c80000,0x00000007b7c80000,0x00000007b8e00000)
 ParOldGen       total 87552K, used 82663K [0x0000000740000000, 0x0000000745580000, 0x0000000795580000)
  object space 87552K, 94% used [0x0000000740000000,0x00000007450b9d18,0x0000000745580000)
 Metaspace       used 16217K, capacity 16852K, committed 16896K, reserved 1064960K
  class space    used 2094K, capacity 2298K, committed 2304K, reserved 1048576K
}
Event: 48.867 GC heap before
{Heap before GC invocations=23 (full 1):
 PSYoungGen      total 264192K, used 6428K [0x0000000795580000, 0x00000007b9f80000, 0x00000007c0000000)
  eden space 257536K, 0% used [0x0000000795580000,0x0000000795580000,0x00000007a5100000)
  from space 6656K, 96% used [0x00000007b9900000,0x00000007b9f47020,0x00000007b9f80000)
  to   space 17920K, 0% used [0x00000007b7c80000,0x00000007b7c80000,0x00000007b8e00000)
 ParOldGen       total 87552K, used 82663K [0x0000000740000000, 0x0000000745580000, 0x0000000795580000)
  object space 87552K, 94% used [0x0000000740000000,0x00000007450b9d18,0x0000000745580000)
 Metaspace       used 16217K, capacity 16852K, committed 16896K, reserved 1064960K
  class space    used 2094K, capacity 2298K, committed 2304K, reserved 1048576K
Event: 48.909 GC heap after
Heap after GC invocations=23 (full 1):
 PSYoungGen      total 264192K, used 0K [0x0000000795580000, 0x00000007b9f80000, 0x00000007c0000000)
  eden space 257536K, 0% used [0x0000000795580000,0x0000000795580000,0x00000007a5100000)
  from space 6656K, 0% used [0x00000007b9900000,0x00000007b9900000,0x00000007b9f80000)
  to   space 17920K, 0% used [0x00000007b7c80000,0x00000007b7c80000,0x00000007b8e00000)
 ParOldGen       total 51200K, used 10502K [0x0000000740000000, 0x0000000743200000, 0x0000000795580000)
  object space 51200K, 20% used [0x0000000740000000,0x0000000740a418d8,0x0000000743200000)
 Metaspace       used 16217K, capacity 16852K, committed 16896K, reserved 1064960K
  class space    used 2094K, capacity 2298K, committed 2304K, reserved 1048576K
}
Event: 51.760 GC heap before
{Heap before GC invocations=24 (full 1):
 PSYoungGen      total 264192K, used 255482K [0x0000000795580000, 0x00000007b9f80000, 0x00000007c0000000)
  eden space 257536K, 99% used [0x0000000795580000,0x00000007a4efe8b8,0x00000007a5100000)
  from space 6656K, 0% used [0x00000007b9900000,0x00000007b9900000,0x00000007b9f80000)
  to   space 17920K, 0% used [0x00000007b7c80000,0x00000007b7c80000,0x00000007b8e00000)
 ParOldGen       total 51200K, used 10502K [0x0000000740000000, 0x0000000743200000, 0x0000000795580000)
  object space 51200K, 20% used [0x0000000740000000,0x0000000740a418d8,0x0000000743200000)
 Metaspace       used 16243K, capacity 16916K, committed 17152K, reserved 1064960K
  class space    used 2094K, capacity 2298K, committed 2304K, reserved 1048576K
Event: 51.778 GC heap after
Heap after GC invocations=24 (full 1):
 PSYoungGen      total 263680K, used 17260K [0x0000000795580000, 0x00000007b9980000, 0x00000007c0000000)
  eden space 246272K, 0% used [0x0000000795580000,0x0000000795580000,0x00000007a4600000)
  from space 17408K, 99% used [0x00000007b7c80000,0x00000007b8d5b050,0x00000007b8d80000)
  to   space 12288K, 0% used [0x00000007b8d80000,0x00000007b8d80000,0x00000007b9980000)
 ParOldGen       total 51200K, used 10510K [0x0000000740000000, 0x0000000743200000, 0x0000000795580000)
  object space 51200K, 20% used [0x0000000740000000,0x0000000740a438d8,0x0000000743200000)
 Metaspace       used 16243K, capacity 16916K, committed 17152K, reserved 1064960K
  class space    used 2094K, capacity 2298K, committed 2304K, reserved 1048576K
}

