# JRE version: Java(TM) SE Runtime Environment (8.0_172-b11) (build 1.8.0_172-b11)
# Java VM: Java HotSpot(TM) 64-Bit Server VM (25.172-b11 mixed mode bsd-amd64 compressed oops)
Heap:
 PSYoungGen      total 103936K, used 87930K [0x0000000795580000, 0x000000079d380000, 0x00000007c0000000)
  eden space 87040K, 94% used [0x0000000795580000,0x000000079a5c4ae8,0x000000079aa80000)
  from space 16896K, 33% used [0x000000079ba80000,0x000000079c019f70,0x000000079cb00000)
  to   space 16384K, 0% used [0x000000079aa80000,0x000000079aa80000,0x000000079ba80000)
 ParOldGen       total 73216K, used 26866K [0x0000000740000000, 0x0000000744780000, 0x0000000795580000)
  object space 73216K, 36% used [0x0000000740000000,0x0000000741a3c8d0,0x0000000744780000)
 Metaspace       used 16740K, capacity 17406K, committed 17792K, reserved 1064960K
  class space    used 2134K, capacity 2333K, committed 2432K, reserved 1048576K
GC Heap History (10 events):
Event: 208.844 GC heap before
{Heap before GC invocations=327 (full 29):
 PSYoungGen      total 87040K, used 67440K [0x0000000795580000, 0x000000079c380000, 0x00000007c0000000)
  eden space 70144K, 96% used [0x0000000795580000,0x000000079975c028,0x0000000799a00000)
  from space 16896K, 0% used [0x0000000799a00000,0x0000000799a00000,0x000000079aa80000)
  to   space 16896K, 0% used [0x000000079b300000,0x000000079b300000,0x000000079c380000)
 ParOldGen       total 73216K, used 10994K [0x0000000740000000, 0x0000000744780000, 0x0000000795580000)
  object space 73216K, 15% used [0x0000000740000000,0x0000000740abca00,0x0000000744780000)
 Metaspace       used 16733K, capacity 17402K, committed 17792K, reserved 1064960K
  class space    used 2134K, capacity 2333K, committed 2432K, reserved 1048576K
Event: 208.848 GC heap after
Heap after GC invocations=327 (full 29):
 PSYoungGen      total 94720K, used 6635K [0x0000000795580000, 0x000000079c200000, 0x00000007c0000000)
  eden space 79360K, 0% used [0x0000000795580000,0x0000000795580000,0x000000079a300000)
  from space 15360K, 43% used [0x000000079b300000,0x000000079b97af80,0x000000079c200000)
  to   space 15872K, 0% used [0x000000079a300000,0x000000079a300000,0x000000079b280000)
 ParOldGen       total 73216K, used 10994K [0x0000000740000000, 0x0000000744780000, 0x0000000795580000)
  object space 73216K, 15% used [0x0000000740000000,0x0000000740abca00,0x0000000744780000)
 Metaspace       used 16733K, capacity 17402K, committed 17792K, reserved 1064960K
  class space    used 2134K, capacity 2333K, committed 2432K, reserved 1048576K
}
Event: 209.509 GC heap before
{Heap before GC invocations=328 (full 29):
 PSYoungGen      total 94720K, used 85719K [0x0000000795580000, 0x000000079c200000, 0x00000007c0000000)
  eden space 79360K, 99% used [0x0000000795580000,0x000000079a2bb000,0x000000079a300000)
  from space 15360K, 43% used [0x000000079b300000,0x000000079b97af80,0x000000079c200000)
  to   space 15872K, 0% used [0x000000079a300000,0x000000079a300000,0x000000079b280000)
 ParOldGen       total 73216K, used 10994K [0x0000000740000000, 0x0000000744780000, 0x0000000795580000)
  object space 73216K, 15% used [0x0000000740000000,0x0000000740abca00,0x0000000744780000)
 Metaspace       used 16733K, capacity 17402K, committed 17792K, reserved 1064960K
  class space    used 2134K, capacity 2333K, committed 2432K, reserved 1048576K
Event: 209.512 GC heap after
Heap after GC invocations=328 (full 29):
 PSYoungGen      total 95232K, used 14735K [0x0000000795580000, 0x000000079cf80000, 0x00000007c0000000)
  eden space 79360K, 0% used [0x0000000795580000,0x0000000795580000,0x000000079a300000)
  from space 15872K, 92% used [0x000000079a300000,0x000000079b163f80,0x000000079b280000)
  to   space 17920K, 0% used [0x000000079be00000,0x000000079be00000,0x000000079cf80000)
 ParOldGen       total 73216K, used 14706K [0x0000000740000000, 0x0000000744780000, 0x0000000795580000)
  object space 73216K, 20% used [0x0000000740000000,0x0000000740e5c9b0,0x0000000744780000)
 Metaspace       used 16733K, capacity 17402K, committed 17792K, reserved 1064960K
  class space    used 2134K, capacity 2333K, committed 2432K, reserved 1048576K
}
Event: 210.256 GC heap before
{Heap before GC invocations=329 (full 29):
 PSYoungGen      total 95232K, used 93554K [0x0000000795580000, 0x000000079cf80000, 0x00000007c0000000)
  eden space 79360K, 99% used [0x0000000795580000,0x000000079a278a80,0x000000079a300000)
  from space 15872K, 92% used [0x000000079a300000,0x000000079b163f80,0x000000079b280000)
  to   space 17920K, 0% used [0x000000079be00000,0x000000079be00000,0x000000079cf80000)
 ParOldGen       total 73216K, used 14706K [0x0000000740000000, 0x0000000744780000, 0x0000000795580000)
  object space 73216K, 20% used [0x0000000740000000,0x0000000740e5c9b0,0x0000000744780000)
 Metaspace       used 16733K, capacity 17402K, committed 17792K, reserved 1064960K
  class space    used 2134K, capacity 2333K, committed 2432K, reserved 1048576K
Event: 210.260 GC heap after
Heap after GC invocations=329 (full 29):
 PSYoungGen      total 105984K, used 3903K [0x0000000795580000, 0x000000079ce80000, 0x00000007c0000000)
  eden space 89088K, 0% used [0x0000000795580000,0x0000000795580000,0x000000079ac80000)
  from space 16896K, 23% used [0x000000079be00000,0x000000079c1cff50,0x000000079ce80000)
  to   space 17408K, 0% used [0x000000079ac80000,0x000000079ac80000,0x000000079bd80000)
 ParOldGen       total 73216K, used 18418K [0x0000000740000000, 0x0000000744780000, 0x0000000795580000)
  object space 73216K, 25% used [0x0000000740000000,0x00000007411fc960,0x0000000744780000)
 Metaspace       used 16733K, capacity 17402K, committed 17792K, reserved 1064960K
  class space    used 2134K, capacity 2333K, committed 2432K, reserved 1048576K
}
Event: 211.005 GC heap before
{Heap before GC invocations=330 (full 29):
 PSYoungGen      total 105984K, used 91190K [0x0000000795580000, 0x000000079ce80000, 0x00000007c0000000)
  eden space 89088K, 97% used [0x0000000795580000,0x000000079aabd968,0x000000079ac80000)
  from space 16896K, 23% used [0x000000079be00000,0x000000079c1cff50,0x000000079ce80000)
  to   space 17408K, 0% used [0x000000079ac80000,0x000000079ac80000,0x000000079bd80000)
 ParOldGen       total 73216K, used 18418K [0x0000000740000000, 0x0000000744780000, 0x0000000795580000)
  object space 73216K, 25% used [0x0000000740000000,0x00000007411fc960,0x0000000744780000)
 Metaspace       used 16734K, capacity 17402K, committed 17792K, reserved 1064960K
  class space    used 2134K, capacity 2333K, committed 2432K, reserved 1048576K
Event: 211.007 GC heap after
Heap after GC invocations=330 (full 29):
 PSYoungGen      total 93696K, used 6759K [0x0000000795580000, 0x000000079cb00000, 0x00000007c0000000)
  eden space 86528K, 0% used [0x0000000795580000,0x0000000795580000,0x000000079aa00000)
  from space 7168K, 94% used [0x000000079ac80000,0x000000079b319f80,0x000000079b380000)
  to   space 16896K, 0% used [0x000000079ba80000,0x000000079ba80000,0x000000079cb00000)
 ParOldGen       total 73216K, used 22130K [0x0000000740000000, 0x0000000744780000, 0x0000000795580000)
  object space 73216K, 30% used [0x0000000740000000,0x000000074159c910,0x0000000744780000)
 Metaspace       used 16734K, capacity 17402K, committed 17792K, reserved 1064960K
  class space    used 2134K, capacity 2333K, committed 2432K, reserved 1048576K
}
Event: 211.757 GC heap before
{Heap before GC invocations=331 (full 29):
 PSYoungGen      total 93696K, used 91574K [0x0000000795580000, 0x000000079cb00000, 0x00000007c0000000)
  eden space 86528K, 98% used [0x0000000795580000,0x000000079a853c60,0x000000079aa00000)
  from space 7168K, 94% used [0x000000079ac80000,0x000000079b319f80,0x000000079b380000)
  to   space 16896K, 0% used [0x000000079ba80000,0x000000079ba80000,0x000000079cb00000)
 ParOldGen       total 73216K, used 22130K [0x0000000740000000, 0x0000000744780000, 0x0000000795580000)
  object space 73216K, 30% used [0x0000000740000000,0x000000074159c910,0x0000000744780000)
 Metaspace       used 16735K, capacity 17406K, committed 17792K, reserved 1064960K
  class space    used 2134K, capacity 2333K, committed 2432K, reserved 1048576K
Event: 211.761 GC heap after
Heap after GC invocations=331 (full 29):
 PSYoungGen      total 103936K, used 5735K [0x0000000795580000, 0x000000079d380000, 0x00000007c0000000)
  eden space 87040K, 0% used [0x0000000795580000,0x0000000795580000,0x000000079aa80000)
  from space 16896K, 33% used [0x000000079ba80000,0x000000079c019f70,0x000000079cb00000)
  to   space 16384K, 0% used [0x000000079aa80000,0x000000079aa80000,0x000000079ba80000)
 ParOldGen       total 73216K, used 26866K [0x0000000740000000, 0x0000000744780000, 0x0000000795580000)
  object space 73216K, 36% used [0x0000000740000000,0x0000000741a3c8d0,0x0000000744780000)
 Metaspace       used 16735K, capacity 17406K, committed 17792K, reserved 1064960K
  class space    used 2134K, capacity 2333K, committed 2432K, reserved 1048576K
}

