# JRE version: Java(TM) SE Runtime Environment (8.0_172-b11) (build 1.8.0_172-b11)
# Java VM: Java HotSpot(TM) 64-Bit Server VM (25.172-b11 mixed mode bsd-amd64 compressed oops)
Heap:
 PSYoungGen      total 105472K, used 63276K [0x0000000795580000, 0x000000079cc80000, 0x00000007c0000000)
  eden space 95232K, 58% used [0x0000000795580000,0x0000000798c23260,0x000000079b280000)
  from space 10240K, 71% used [0x000000079c280000,0x000000079c9a8020,0x000000079cc80000)
  to   space 13312K, 0% used [0x000000079b280000,0x000000079b280000,0x000000079bf80000)
 ParOldGen       total 84992K, used 64218K [0x0000000740000000, 0x0000000745300000, 0x0000000795580000)
  object space 84992K, 75% used [0x0000000740000000,0x0000000743eb6a90,0x0000000745300000)
 Metaspace       used 16439K, capacity 17126K, committed 17280K, reserved 1064960K
  class space    used 2110K, capacity 2323K, committed 2432K, reserved 1048576K
GC Heap History (10 events):
Event: 2614.655 GC heap before
{Heap before GC invocations=4788 (full 266):
 PSYoungGen      total 117248K, used 116326K [0x0000000795580000, 0x000000079df80000, 0x00000007c0000000)
  eden space 109568K, 99% used [0x0000000795580000,0x000000079bff1a78,0x000000079c080000)
  from space 7680K, 95% used [0x000000079c380000,0x000000079caa8020,0x000000079cb00000)
  to   space 15872K, 0% used [0x000000079d000000,0x000000079d000000,0x000000079df80000)
 ParOldGen       total 84992K, used 46122K [0x0000000740000000, 0x0000000745300000, 0x0000000795580000)
  object space 84992K, 54% used [0x0000000740000000,0x0000000742d0aa40,0x0000000745300000)
 Metaspace       used 16434K, capacity 17126K, committed 17280K, reserved 1064960K
  class space    used 2110K, capacity 2323K, committed 2432K, reserved 1048576K
Event: 2614.658 GC heap after
Heap after GC invocations=4788 (full 266):
 PSYoungGen      total 118272K, used 6428K [0x0000000795580000, 0x000000079db80000, 0x00000007c0000000)
  eden space 106496K, 0% used [0x0000000795580000,0x0000000795580000,0x000000079bd80000)
  from space 11776K, 54% used [0x000000079d000000,0x000000079d647020,0x000000079db80000)
  to   space 15360K, 0% used [0x000000079bd80000,0x000000079bd80000,0x000000079cc80000)
 ParOldGen       total 84992K, used 49738K [0x0000000740000000, 0x0000000745300000, 0x0000000795580000)
  object space 84992K, 58% used [0x0000000740000000,0x0000000743092a50,0x0000000745300000)
 Metaspace       used 16434K, capacity 17126K, committed 17280K, reserved 1064960K
  class space    used 2110K, capacity 2323K, committed 2432K, reserved 1048576K
}
Event: 2615.311 GC heap before
{Heap before GC invocations=4789 (full 266):
 PSYoungGen      total 118272K, used 111953K [0x0000000795580000, 0x000000079db80000, 0x00000007c0000000)
  eden space 106496K, 99% used [0x0000000795580000,0x000000079bc8d480,0x000000079bd80000)
  from space 11776K, 54% used [0x000000079d000000,0x000000079d647020,0x000000079db80000)
  to   space 15360K, 0% used [0x000000079bd80000,0x000000079bd80000,0x000000079cc80000)
 ParOldGen       total 84992K, used 49738K [0x0000000740000000, 0x0000000745300000, 0x0000000795580000)
  object space 84992K, 58% used [0x0000000740000000,0x0000000743092a50,0x0000000745300000)
 Metaspace       used 16435K, capacity 17126K, committed 17280K, reserved 1064960K
  class space    used 2110K, capacity 2323K, committed 2432K, reserved 1048576K
Event: 2615.314 GC heap after
Heap after GC invocations=4789 (full 266):
 PSYoungGen      total 110080K, used 6428K [0x0000000795580000, 0x000000079d780000, 0x00000007c0000000)
  eden space 103424K, 0% used [0x0000000795580000,0x0000000795580000,0x000000079ba80000)
  from space 6656K, 96% used [0x000000079bd80000,0x000000079c3c7020,0x000000079c400000)
  to   space 14848K, 0% used [0x000000079c900000,0x000000079c900000,0x000000079d780000)
 ParOldGen       total 84992K, used 53362K [0x0000000740000000, 0x0000000745300000, 0x0000000795580000)
  object space 84992K, 62% used [0x0000000740000000,0x000000074341ca60,0x0000000745300000)
 Metaspace       used 16435K, capacity 17126K, committed 17280K, reserved 1064960K
  class space    used 2110K, capacity 2323K, committed 2432K, reserved 1048576K
}
Event: 2615.980 GC heap before
{Heap before GC invocations=4790 (full 266):
 PSYoungGen      total 110080K, used 109262K [0x0000000795580000, 0x000000079d780000, 0x00000007c0000000)
  eden space 103424K, 99% used [0x0000000795580000,0x000000079b9ec9c8,0x000000079ba80000)
  from space 6656K, 96% used [0x000000079bd80000,0x000000079c3c7020,0x000000079c400000)
  to   space 14848K, 0% used [0x000000079c900000,0x000000079c900000,0x000000079d780000)
 ParOldGen       total 84992K, used 53362K [0x0000000740000000, 0x0000000745300000, 0x0000000795580000)
  object space 84992K, 62% used [0x0000000740000000,0x000000074341ca60,0x0000000745300000)
 Metaspace       used 16435K, capacity 17126K, committed 17280K, reserved 1064960K
  class space    used 2110K, capacity 2323K, committed 2432K, reserved 1048576K
Event: 2615.982 GC heap after
Heap after GC invocations=4790 (full 266):
 PSYoungGen      total 111104K, used 6428K [0x0000000795580000, 0x000000079d380000, 0x00000007c0000000)
  eden space 100352K, 0% used [0x0000000795580000,0x0000000795580000,0x000000079b780000)
  from space 10752K, 59% used [0x000000079c900000,0x000000079cf47020,0x000000079d380000)
  to   space 14336K, 0% used [0x000000079b780000,0x000000079b780000,0x000000079c580000)
 ParOldGen       total 84992K, used 56986K [0x0000000740000000, 0x0000000745300000, 0x0000000795580000)
  object space 84992K, 67% used [0x0000000740000000,0x00000007437a6a70,0x0000000745300000)
 Metaspace       used 16435K, capacity 17126K, committed 17280K, reserved 1064960K
  class space    used 2110K, capacity 2323K, committed 2432K, reserved 1048576K
}
Event: 2616.640 GC heap before
{Heap before GC invocations=4791 (full 266):
 PSYoungGen      total 111104K, used 106487K [0x0000000795580000, 0x000000079d380000, 0x00000007c0000000)
  eden space 100352K, 99% used [0x0000000795580000,0x000000079b736ea8,0x000000079b780000)
  from space 10752K, 59% used [0x000000079c900000,0x000000079cf47020,0x000000079d380000)
  to   space 14336K, 0% used [0x000000079b780000,0x000000079b780000,0x000000079c580000)
 ParOldGen       total 84992K, used 56986K [0x0000000740000000, 0x0000000745300000, 0x0000000795580000)
  object space 84992K, 67% used [0x0000000740000000,0x00000007437a6a70,0x0000000745300000)
 Metaspace       used 16435K, capacity 17126K, committed 17280K, reserved 1064960K
  class space    used 2110K, capacity 2323K, committed 2432K, reserved 1048576K
Event: 2616.643 GC heap after
Heap after GC invocations=4791 (full 266):
 PSYoungGen      total 104448K, used 6428K [0x0000000795580000, 0x000000079d000000, 0x00000007c0000000)
  eden space 97792K, 0% used [0x0000000795580000,0x0000000795580000,0x000000079b500000)
  from space 6656K, 96% used [0x000000079b780000,0x000000079bdc7020,0x000000079be00000)
  to   space 13824K, 0% used [0x000000079c280000,0x000000079c280000,0x000000079d000000)
 ParOldGen       total 84992K, used 60602K [0x0000000740000000, 0x0000000745300000, 0x0000000795580000)
  object space 84992K, 71% used [0x0000000740000000,0x0000000743b2ea80,0x0000000745300000)
 Metaspace       used 16435K, capacity 17126K, committed 17280K, reserved 1064960K
  class space    used 2110K, capacity 2323K, committed 2432K, reserved 1048576K
}
Event: 2617.229 GC heap before
{Heap before GC invocations=4792 (full 266):
 PSYoungGen      total 104448K, used 102884K [0x0000000795580000, 0x000000079d000000, 0x00000007c0000000)
  eden space 97792K, 98% used [0x0000000795580000,0x000000079b3b20a0,0x000000079b500000)
  from space 6656K, 96% used [0x000000079b780000,0x000000079bdc7020,0x000000079be00000)
  to   space 13824K, 0% used [0x000000079c280000,0x000000079c280000,0x000000079d000000)
 ParOldGen       total 84992K, used 60602K [0x0000000740000000, 0x0000000745300000, 0x0000000795580000)
  object space 84992K, 71% used [0x0000000740000000,0x0000000743b2ea80,0x0000000745300000)
 Metaspace       used 16435K, capacity 17126K, committed 17280K, reserved 1064960K
  class space    used 2110K, capacity 2323K, committed 2432K, reserved 1048576K
Event: 2617.234 GC heap after
Heap after GC invocations=4792 (full 266):
 PSYoungGen      total 105472K, used 7328K [0x0000000795580000, 0x000000079cc80000, 0x00000007c0000000)
  eden space 95232K, 0% used [0x0000000795580000,0x0000000795580000,0x000000079b280000)
  from space 10240K, 71% used [0x000000079c280000,0x000000079c9a8020,0x000000079cc80000)
  to   space 13312K, 0% used [0x000000079b280000,0x000000079b280000,0x000000079bf80000)
 ParOldGen       total 84992K, used 64218K [0x0000000740000000, 0x0000000745300000, 0x0000000795580000)
  object space 84992K, 75% used [0x0000000740000000,0x0000000743eb6a90,0x0000000745300000)
 Metaspace       used 16435K, capacity 17126K, committed 17280K, reserved 1064960K
  class space    used 2110K, capacity 2323K, committed 2432K, reserved 1048576K
}

